<?xml version="1.0" encoding="UTF-8"?>
<testsuites>
  <testsuite name="" tests="244" assertions="1052" failures="1" errors="0" time="106.894409">
    <testsuite name="Install" tests="7" assertions="62" failures="0" errors="0" time="9.011413">
      <testsuite name="GLPIInstallTest" file="/home/intra.dethegeek.eu.org/dethegeek/public_html/glpi-storkmdm/plugins/storkmdm/tests/0000_Install/GLPIInstallTest.php" tests="1" assertions="2" failures="0" errors="0" time="4.536758">
        <testcase name="testInstallDependencies" class="GLPIInstallTest" file="/home/intra.dethegeek.eu.org/dethegeek/public_html/glpi-storkmdm/plugins/storkmdm/tests/0000_Install/GLPIInstallTest.php" line="35" assertions="2" time="4.536758"/>
      </testsuite>
      <testsuite name="PluginInstallTest" file="/home/intra.dethegeek.eu.org/dethegeek/public_html/glpi-storkmdm/plugins/storkmdm/tests/0000_Install/PluginInstallTest.php" tests="5" assertions="58" failures="0" errors="0" time="3.485974">
        <testcase name="testInstallPlugin" class="PluginInstallTest" file="/home/intra.dethegeek.eu.org/dethegeek/public_html/glpi-storkmdm/plugins/storkmdm/tests/0000_Install/PluginInstallTest.php" line="45" assertions="42" time="1.302110"/>
        <testcase name="testConfigurationExists" class="PluginInstallTest" file="/home/intra.dethegeek.eu.org/dethegeek/public_html/glpi-storkmdm/plugins/storkmdm/tests/0000_Install/PluginInstallTest.php" line="100" assertions="4" time="0.553286"/>
        <testcase name="testServiceAccountExists" class="PluginInstallTest" file="/home/intra.dethegeek.eu.org/dethegeek/public_html/glpi-storkmdm/plugins/storkmdm/tests/0000_Install/PluginInstallTest.php" line="128" assertions="4" time="0.543787"/>
        <testcase name="testGuestProfileExists" class="PluginInstallTest" file="/home/intra.dethegeek.eu.org/dethegeek/public_html/glpi-storkmdm/plugins/storkmdm/tests/0000_Install/PluginInstallTest.php" line="137" assertions="4" time="0.543885"/>
        <testcase name="testRegisteredProfileExists" class="PluginInstallTest" file="/home/intra.dethegeek.eu.org/dethegeek/public_html/glpi-storkmdm/plugins/storkmdm/tests/0000_Install/PluginInstallTest.php" line="146" assertions="4" time="0.542906"/>
      </testsuite>
      <testsuite name="SaveInstallTest" file="/home/intra.dethegeek.eu.org/dethegeek/public_html/glpi-storkmdm/plugins/storkmdm/tests/0000_Install/SaveInstallTest.php" tests="1" assertions="2" failures="0" errors="0" time="0.988682">
        <testcase name="testSaveInstallation" class="SaveInstallTest" file="/home/intra.dethegeek.eu.org/dethegeek/public_html/glpi-storkmdm/plugins/storkmdm/tests/0000_Install/SaveInstallTest.php" line="39" assertions="2" time="0.988682"/>
      </testsuite>
    </testsuite>
    <testsuite name="Unit" tests="35" assertions="130" failures="0" errors="0" time="9.598732">
      <testsuite name="PluginStorkmdmPolicyBooleanTest" file="/home/intra.dethegeek.eu.org/dethegeek/public_html/glpi-storkmdm/plugins/storkmdm/tests/0005_Unit/PluginStorkmdmPolicyBooleanTest.php" tests="6" assertions="24" failures="0" errors="0" time="1.684145">
        <testcase name="testCreatePolicy" class="PluginStorkmdmPolicyBooleanTest" file="/home/intra.dethegeek.eu.org/dethegeek/public_html/glpi-storkmdm/plugins/storkmdm/tests/0005_Unit/PluginStorkmdmPolicyBooleanTest.php" line="34" assertions="4" time="0.291646"/>
        <testcase name="testIntegrityCheckWithFalse" class="PluginStorkmdmPolicyBooleanTest" file="/home/intra.dethegeek.eu.org/dethegeek/public_html/glpi-storkmdm/plugins/storkmdm/tests/0005_Unit/PluginStorkmdmPolicyBooleanTest.php" line="52" assertions="4" time="0.283429"/>
        <testcase name="testIntegrityCheckWithTrue" class="PluginStorkmdmPolicyBooleanTest" file="/home/intra.dethegeek.eu.org/dethegeek/public_html/glpi-storkmdm/plugins/storkmdm/tests/0005_Unit/PluginStorkmdmPolicyBooleanTest.php" line="60" assertions="4" time="0.275154"/>
        <testcase name="testIntegrityCheckWithNonBoolean" class="PluginStorkmdmPolicyBooleanTest" file="/home/intra.dethegeek.eu.org/dethegeek/public_html/glpi-storkmdm/plugins/storkmdm/tests/0005_Unit/PluginStorkmdmPolicyBooleanTest.php" line="68" assertions="4" time="0.280695"/>
        <testcase name="testIntegrityCheckWithItemtype" class="PluginStorkmdmPolicyBooleanTest" file="/home/intra.dethegeek.eu.org/dethegeek/public_html/glpi-storkmdm/plugins/storkmdm/tests/0005_Unit/PluginStorkmdmPolicyBooleanTest.php" line="76" assertions="4" time="0.275304"/>
        <testcase name="testApplyPolicy" class="PluginStorkmdmPolicyBooleanTest" file="/home/intra.dethegeek.eu.org/dethegeek/public_html/glpi-storkmdm/plugins/storkmdm/tests/0005_Unit/PluginStorkmdmPolicyBooleanTest.php" line="84" assertions="4" time="0.277917"/>
      </testsuite>
      <testsuite name="PluginStorkmdmPolicyDropdownTest" file="/home/intra.dethegeek.eu.org/dethegeek/public_html/glpi-storkmdm/plugins/storkmdm/tests/0005_Unit/PluginStorkmdmPolicyDropdownTest.php" tests="4" assertions="16" failures="0" errors="0" time="1.102647">
        <testcase name="testCreatePolicy" class="PluginStorkmdmPolicyDropdownTest" file="/home/intra.dethegeek.eu.org/dethegeek/public_html/glpi-storkmdm/plugins/storkmdm/tests/0005_Unit/PluginStorkmdmPolicyDropdownTest.php" line="34" assertions="4" time="0.276354"/>
        <testcase name="testIntegrityCheckWithValidItem" class="PluginStorkmdmPolicyDropdownTest" file="/home/intra.dethegeek.eu.org/dethegeek/public_html/glpi-storkmdm/plugins/storkmdm/tests/0005_Unit/PluginStorkmdmPolicyDropdownTest.php" line="51" assertions="4" time="0.277542"/>
        <testcase name="testIntegrityCheckWithInvalidItem" class="PluginStorkmdmPolicyDropdownTest" file="/home/intra.dethegeek.eu.org/dethegeek/public_html/glpi-storkmdm/plugins/storkmdm/tests/0005_Unit/PluginStorkmdmPolicyDropdownTest.php" line="59" assertions="4" time="0.276290"/>
        <testcase name="testApplyPolicy" class="PluginStorkmdmPolicyDropdownTest" file="/home/intra.dethegeek.eu.org/dethegeek/public_html/glpi-storkmdm/plugins/storkmdm/tests/0005_Unit/PluginStorkmdmPolicyDropdownTest.php" line="67" assertions="4" time="0.272461"/>
      </testsuite>
      <testsuite name="PluginStorkmdmPolicyFileDeploymentTest" file="/home/intra.dethegeek.eu.org/dethegeek/public_html/glpi-storkmdm/plugins/storkmdm/tests/0005_Unit/PluginStorkmdmPolicyFileDeploymentTest.php" tests="13" assertions="42" failures="0" errors="0" time="3.535320">
        <testcase name="testInitCreatePolicy" class="PluginStorkmdmPolicyFileDeploymentTest" file="/home/intra.dethegeek.eu.org/dethegeek/public_html/glpi-storkmdm/plugins/storkmdm/tests/0005_Unit/PluginStorkmdmPolicyFileDeploymentTest.php" line="34" assertions="4" time="0.285167"/>
        <testcase name="testInitCreateFile" class="PluginStorkmdmPolicyFileDeploymentTest" file="/home/intra.dethegeek.eu.org/dethegeek/public_html/glpi-storkmdm/plugins/storkmdm/tests/0005_Unit/PluginStorkmdmPolicyFileDeploymentTest.php" line="48" assertions="5" time="0.279605"/>
        <testsuite name="PluginStorkmdmPolicyFileDeploymentTest::testPathIntegrity" tests="11" assertions="33" failures="0" errors="0" time="2.970548">
          <testcase name="testPathIntegrity with data set #0" assertions="3" time="0.272679"/>
          <testcase name="testPathIntegrity with data set #1" assertions="3" time="0.267264"/>
          <testcase name="testPathIntegrity with data set #2" assertions="3" time="0.269616"/>
          <testcase name="testPathIntegrity with data set #3" assertions="3" time="0.270152"/>
          <testcase name="testPathIntegrity with data set #4" assertions="3" time="0.264012"/>
          <testcase name="testPathIntegrity with data set #5" assertions="3" time="0.260341"/>
          <testcase name="testPathIntegrity with data set #6" assertions="3" time="0.268247"/>
          <testcase name="testPathIntegrity with data set #7" assertions="3" time="0.272064"/>
          <testcase name="testPathIntegrity with data set #8" assertions="3" time="0.278829"/>
          <testcase name="testPathIntegrity with data set #9" assertions="3" time="0.271276"/>
          <testcase name="testPathIntegrity with data set #10" assertions="3" time="0.276068"/>
        </testsuite>
      </testsuite>
      <testsuite name="PluginStorkmdmPolicyIntegerTest" file="/home/intra.dethegeek.eu.org/dethegeek/public_html/glpi-storkmdm/plugins/storkmdm/tests/0005_Unit/PluginStorkmdmPolicyIntegerTest.php" tests="9" assertions="36" failures="0" errors="0" time="2.459158">
        <testcase name="testCreatePolicy" class="PluginStorkmdmPolicyIntegerTest" file="/home/intra.dethegeek.eu.org/dethegeek/public_html/glpi-storkmdm/plugins/storkmdm/tests/0005_Unit/PluginStorkmdmPolicyIntegerTest.php" line="34" assertions="4" time="0.288798"/>
        <testcase name="testIntegrityCheckWithNonInteger" class="PluginStorkmdmPolicyIntegerTest" file="/home/intra.dethegeek.eu.org/dethegeek/public_html/glpi-storkmdm/plugins/storkmdm/tests/0005_Unit/PluginStorkmdmPolicyIntegerTest.php" line="51" assertions="4" time="0.278879"/>
        <testcase name="testIntegrityCheckWithInteger" class="PluginStorkmdmPolicyIntegerTest" file="/home/intra.dethegeek.eu.org/dethegeek/public_html/glpi-storkmdm/plugins/storkmdm/tests/0005_Unit/PluginStorkmdmPolicyIntegerTest.php" line="59" assertions="4" time="0.278341"/>
        <testcase name="testApplyPolicy" class="PluginStorkmdmPolicyIntegerTest" file="/home/intra.dethegeek.eu.org/dethegeek/public_html/glpi-storkmdm/plugins/storkmdm/tests/0005_Unit/PluginStorkmdmPolicyIntegerTest.php" line="67" assertions="4" time="0.277975"/>
        <testcase name="testCreatePolicyWithConstraints" class="PluginStorkmdmPolicyIntegerTest" file="/home/intra.dethegeek.eu.org/dethegeek/public_html/glpi-storkmdm/plugins/storkmdm/tests/0005_Unit/PluginStorkmdmPolicyIntegerTest.php" line="74" assertions="4" time="0.281074"/>
        <testcase name="testCheckLessThanMinimum" class="PluginStorkmdmPolicyIntegerTest" file="/home/intra.dethegeek.eu.org/dethegeek/public_html/glpi-storkmdm/plugins/storkmdm/tests/0005_Unit/PluginStorkmdmPolicyIntegerTest.php" line="91" assertions="4" time="0.260581"/>
        <testcase name="testCheckGreaterThanMaximum" class="PluginStorkmdmPolicyIntegerTest" file="/home/intra.dethegeek.eu.org/dethegeek/public_html/glpi-storkmdm/plugins/storkmdm/tests/0005_Unit/PluginStorkmdmPolicyIntegerTest.php" line="99" assertions="4" time="0.261075"/>
        <testcase name="testCheckBetweenLimits" class="PluginStorkmdmPolicyIntegerTest" file="/home/intra.dethegeek.eu.org/dethegeek/public_html/glpi-storkmdm/plugins/storkmdm/tests/0005_Unit/PluginStorkmdmPolicyIntegerTest.php" line="107" assertions="4" time="0.261907"/>
        <testcase name="testCheckString" class="PluginStorkmdmPolicyIntegerTest" file="/home/intra.dethegeek.eu.org/dethegeek/public_html/glpi-storkmdm/plugins/storkmdm/tests/0005_Unit/PluginStorkmdmPolicyIntegerTest.php" line="115" assertions="4" time="0.270528"/>
      </testsuite>
      <testsuite name="PluginStorkmdmPolicyStringTest" file="/home/intra.dethegeek.eu.org/dethegeek/public_html/glpi-storkmdm/plugins/storkmdm/tests/0005_Unit/PluginStorkmdmPolicyStringTest.php" tests="3" assertions="12" failures="0" errors="0" time="0.817462">
        <testcase name="testCreatePolicy" class="PluginStorkmdmPolicyStringTest" file="/home/intra.dethegeek.eu.org/dethegeek/public_html/glpi-storkmdm/plugins/storkmdm/tests/0005_Unit/PluginStorkmdmPolicyStringTest.php" line="34" assertions="4" time="0.278391"/>
        <testcase name="testIntegrityCheckWithString" class="PluginStorkmdmPolicyStringTest" file="/home/intra.dethegeek.eu.org/dethegeek/public_html/glpi-storkmdm/plugins/storkmdm/tests/0005_Unit/PluginStorkmdmPolicyStringTest.php" line="51" assertions="4" time="0.270036"/>
        <testcase name="testApplyPolicy" class="PluginStorkmdmPolicyStringTest" file="/home/intra.dethegeek.eu.org/dethegeek/public_html/glpi-storkmdm/plugins/storkmdm/tests/0005_Unit/PluginStorkmdmPolicyStringTest.php" line="60" assertions="4" time="0.269035"/>
      </testsuite>
    </testsuite>
    <testsuite name="Integration" tests="193" assertions="817" failures="1" errors="0" time="86.732173">
      <testsuite name="ComputerPurgeCleanupsGeolocationTest" file="/home/intra.dethegeek.eu.org/dethegeek/public_html/glpi-storkmdm/plugins/storkmdm/tests/0010_Integration/ComputerPurgeCleanupsGeolocationTest.php" tests="3" assertions="13" failures="0" errors="0" time="0.871823">
        <testcase name="testInitCreateComputer" class="ComputerPurgeCleanupsGeolocationTest" file="/home/intra.dethegeek.eu.org/dethegeek/public_html/glpi-storkmdm/plugins/storkmdm/tests/0010_Integration/ComputerPurgeCleanupsGeolocationTest.php" line="35" assertions="4" time="0.302701"/>
        <testcase name="testInitCreateGeolocationEntries" class="ComputerPurgeCleanupsGeolocationTest" file="/home/intra.dethegeek.eu.org/dethegeek/public_html/glpi-storkmdm/plugins/storkmdm/tests/0010_Integration/ComputerPurgeCleanupsGeolocationTest.php" line="51" assertions="4" time="0.275796"/>
        <testcase name="testPurgeComputer" class="ComputerPurgeCleanupsGeolocationTest" file="/home/intra.dethegeek.eu.org/dethegeek/public_html/glpi-storkmdm/plugins/storkmdm/tests/0010_Integration/ComputerPurgeCleanupsGeolocationTest.php" line="69" assertions="5" time="0.293326"/>
      </testsuite>
      <testsuite name="DeleteEntityTest" file="/home/intra.dethegeek.eu.org/dethegeek/public_html/glpi-storkmdm/plugins/storkmdm/tests/0010_Integration/DeleteEntityTest.php" tests="6" assertions="31" failures="0" errors="0" time="2.438645">
        <testcase name="testInitCreateInvitation" class="DeleteEntityTest" file="/home/intra.dethegeek.eu.org/dethegeek/public_html/glpi-storkmdm/plugins/storkmdm/tests/0010_Integration/DeleteEntityTest.php" line="38" assertions="4" time="0.470954"/>
        <testcase name="testInitEnrollAgent" class="DeleteEntityTest" file="/home/intra.dethegeek.eu.org/dethegeek/public_html/glpi-storkmdm/plugins/storkmdm/tests/0010_Integration/DeleteEntityTest.php" line="55" assertions="6" time="0.484212"/>
        <testcase name="testInitCreateFleet" class="DeleteEntityTest" file="/home/intra.dethegeek.eu.org/dethegeek/public_html/glpi-storkmdm/plugins/storkmdm/tests/0010_Integration/DeleteEntityTest.php" line="89" assertions="4" time="0.295374"/>
        <testcase name="testInitCreateApplication" class="DeleteEntityTest" file="/home/intra.dethegeek.eu.org/dethegeek/public_html/glpi-storkmdm/plugins/storkmdm/tests/0010_Integration/DeleteEntityTest.php" line="101" assertions="4" time="0.270724"/>
        <testcase name="testInitCreateFile" class="DeleteEntityTest" file="/home/intra.dethegeek.eu.org/dethegeek/public_html/glpi-storkmdm/plugins/storkmdm/tests/0010_Integration/DeleteEntityTest.php" line="137" assertions="4" time="0.268980"/>
        <testcase name="testDeleteEntity" class="DeleteEntityTest" file="/home/intra.dethegeek.eu.org/dethegeek/public_html/glpi-storkmdm/plugins/storkmdm/tests/0010_Integration/DeleteEntityTest.php" line="169" assertions="9" time="0.648401"/>
      </testsuite>
      <testsuite name="DeviceEnrollmentTest" file="/home/intra.dethegeek.eu.org/dethegeek/public_html/glpi-storkmdm/plugins/storkmdm/tests/0010_Integration/DeviceEnrollmentTest.php" tests="13" assertions="72" failures="0" errors="0" time="2.996881">
        <testcase name="testEnrollAgentWithUnknownEmail" class="DeviceEnrollmentTest" file="/home/intra.dethegeek.eu.org/dethegeek/public_html/glpi-storkmdm/plugins/storkmdm/tests/0010_Integration/DeviceEnrollmentTest.php" line="36" assertions="5" time="0.235831"/>
        <testcase name="testEnrollAgentWithBadToken" class="DeviceEnrollmentTest" file="/home/intra.dethegeek.eu.org/dethegeek/public_html/glpi-storkmdm/plugins/storkmdm/tests/0010_Integration/DeviceEnrollmentTest.php" line="59" assertions="5" time="0.227846"/>
        <testcase name="testEnrollAgentWithoutVersion" class="DeviceEnrollmentTest" file="/home/intra.dethegeek.eu.org/dethegeek/public_html/glpi-storkmdm/plugins/storkmdm/tests/0010_Integration/DeviceEnrollmentTest.php" line="81" assertions="4" time="0.225051"/>
        <testcase name="testEnrollAgentWithBadVersion" class="DeviceEnrollmentTest" file="/home/intra.dethegeek.eu.org/dethegeek/public_html/glpi-storkmdm/plugins/storkmdm/tests/0010_Integration/DeviceEnrollmentTest.php" line="105" assertions="4" time="0.221344"/>
        <testcase name="testEnrollAgentWithEmptySerial" class="DeviceEnrollmentTest" file="/home/intra.dethegeek.eu.org/dethegeek/public_html/glpi-storkmdm/plugins/storkmdm/tests/0010_Integration/DeviceEnrollmentTest.php" line="131" assertions="5" time="0.221339"/>
        <testcase name="testEnrollAgent" class="DeviceEnrollmentTest" file="/home/intra.dethegeek.eu.org/dethegeek/public_html/glpi-storkmdm/plugins/storkmdm/tests/0010_Integration/DeviceEnrollmentTest.php" line="161" assertions="10" time="0.254109"/>
        <testcase name="testGetEnrollData" class="DeviceEnrollmentTest" file="/home/intra.dethegeek.eu.org/dethegeek/public_html/glpi-storkmdm/plugins/storkmdm/tests/0010_Integration/DeviceEnrollmentTest.php" line="216" assertions="9" time="0.245096"/>
        <testcase name="testAgentHasMQTTUser" class="DeviceEnrollmentTest" file="/home/intra.dethegeek.eu.org/dethegeek/public_html/glpi-storkmdm/plugins/storkmdm/tests/0010_Integration/DeviceEnrollmentTest.php" line="238" assertions="4" time="0.225573"/>
        <testcase name="testAgentMqttUserIsEnabled" class="DeviceEnrollmentTest" file="/home/intra.dethegeek.eu.org/dethegeek/public_html/glpi-storkmdm/plugins/storkmdm/tests/0010_Integration/DeviceEnrollmentTest.php" line="249" assertions="4" time="0.226049"/>
        <testcase name="testAgentMqttUserHasACL" class="DeviceEnrollmentTest" file="/home/intra.dethegeek.eu.org/dethegeek/public_html/glpi-storkmdm/plugins/storkmdm/tests/0010_Integration/DeviceEnrollmentTest.php" line="256" assertions="4" time="0.228370"/>
        <testcase name="testAgentHasMQTTRights" class="DeviceEnrollmentTest" file="/home/intra.dethegeek.eu.org/dethegeek/public_html/glpi-storkmdm/plugins/storkmdm/tests/0010_Integration/DeviceEnrollmentTest.php" line="269" assertions="8" time="0.228688"/>
        <testcase name="testInvitationExpirationAfterEnrollment" class="DeviceEnrollmentTest" file="/home/intra.dethegeek.eu.org/dethegeek/public_html/glpi-storkmdm/plugins/storkmdm/tests/0010_Integration/DeviceEnrollmentTest.php" line="296" assertions="6" time="0.228052"/>
        <testcase name="testEnrollAgentAgain" class="DeviceEnrollmentTest" file="/home/intra.dethegeek.eu.org/dethegeek/public_html/glpi-storkmdm/plugins/storkmdm/tests/0010_Integration/DeviceEnrollmentTest.php" line="309" assertions="4" time="0.229533"/>
      </testsuite>
      <testsuite name="DeviceUnenrollmentTest" file="/home/intra.dethegeek.eu.org/dethegeek/public_html/glpi-storkmdm/plugins/storkmdm/tests/0010_Integration/DeviceUnenrollmentTest.php" tests="4" assertions="19" failures="0" errors="0" time="1.634240">
        <testcase name="testInitInvitationCreation" class="DeviceUnenrollmentTest" file="/home/intra.dethegeek.eu.org/dethegeek/public_html/glpi-storkmdm/plugins/storkmdm/tests/0010_Integration/DeviceUnenrollmentTest.php" line="37" assertions="4" time="0.459868"/>
        <testcase name="testInitEnrollAgent" class="DeviceUnenrollmentTest" file="/home/intra.dethegeek.eu.org/dethegeek/public_html/glpi-storkmdm/plugins/storkmdm/tests/0010_Integration/DeviceUnenrollmentTest.php" line="54" assertions="5" time="0.506640"/>
        <testcase name="testUnenrollAgent" class="DeviceUnenrollmentTest" file="/home/intra.dethegeek.eu.org/dethegeek/public_html/glpi-storkmdm/plugins/storkmdm/tests/0010_Integration/DeviceUnenrollmentTest.php" line="81" assertions="5" time="0.305986"/>
        <testcase name="testDelete" class="DeviceUnenrollmentTest" file="/home/intra.dethegeek.eu.org/dethegeek/public_html/glpi-storkmdm/plugins/storkmdm/tests/0010_Integration/DeviceUnenrollmentTest.php" line="103" assertions="5" time="0.361746"/>
      </testsuite>
      <testsuite name="GuestUserProfileIntegrationTest" file="/home/intra.dethegeek.eu.org/dethegeek/public_html/glpi-storkmdm/plugins/storkmdm/tests/0010_Integration/GuestUserProfileIntegrationTest.php" tests="5" assertions="20" failures="0" errors="0" time="1.387428">
        <testcase name="testInitGetGuestProfileId" class="GuestUserProfileIntegrationTest" file="/home/intra.dethegeek.eu.org/dethegeek/public_html/glpi-storkmdm/plugins/storkmdm/tests/0010_Integration/GuestUserProfileIntegrationTest.php" line="35" assertions="4" time="0.290620"/>
        <testcase name="testGetRights" class="GuestUserProfileIntegrationTest" file="/home/intra.dethegeek.eu.org/dethegeek/public_html/glpi-storkmdm/plugins/storkmdm/tests/0010_Integration/GuestUserProfileIntegrationTest.php" line="45" assertions="4" time="0.274217"/>
        <testcase name="testAgentRight" class="GuestUserProfileIntegrationTest" file="/home/intra.dethegeek.eu.org/dethegeek/public_html/glpi-storkmdm/plugins/storkmdm/tests/0010_Integration/GuestUserProfileIntegrationTest.php" line="70" assertions="4" time="0.287283"/>
        <testcase name="testSessionHasGuestProfileId" class="GuestUserProfileIntegrationTest" file="/home/intra.dethegeek.eu.org/dethegeek/public_html/glpi-storkmdm/plugins/storkmdm/tests/0010_Integration/GuestUserProfileIntegrationTest.php" line="74" assertions="4" time="0.266134"/>
        <testcase name="testSessionGuestProfileIdValue" class="GuestUserProfileIntegrationTest" file="/home/intra.dethegeek.eu.org/dethegeek/public_html/glpi-storkmdm/plugins/storkmdm/tests/0010_Integration/GuestUserProfileIntegrationTest.php" line="82" assertions="4" time="0.269174"/>
      </testsuite>
      <testsuite name="PluginStorkmdmAgentIntegrationTest" file="/home/intra.dethegeek.eu.org/dethegeek/public_html/glpi-storkmdm/plugins/storkmdm/tests/0010_Integration/PluginStorkmdmAgentIntegrationTest.php" tests="31" assertions="144" failures="0" errors="0" time="36.217034">
        <testcase name="testInvitationCreation" class="PluginStorkmdmAgentIntegrationTest" file="/home/intra.dethegeek.eu.org/dethegeek/public_html/glpi-storkmdm/plugins/storkmdm/tests/0010_Integration/PluginStorkmdmAgentIntegrationTest.php" line="39" assertions="4" time="0.468255"/>
        <testcase name="testEnrollAgent" class="PluginStorkmdmAgentIntegrationTest" file="/home/intra.dethegeek.eu.org/dethegeek/public_html/glpi-storkmdm/plugins/storkmdm/tests/0010_Integration/PluginStorkmdmAgentIntegrationTest.php" line="56" assertions="6" time="0.506318"/>
        <testcase name="testInvitationUpdate" class="PluginStorkmdmAgentIntegrationTest" file="/home/intra.dethegeek.eu.org/dethegeek/public_html/glpi-storkmdm/plugins/storkmdm/tests/0010_Integration/PluginStorkmdmAgentIntegrationTest.php" line="90" assertions="4" time="0.285945"/>
        <testcase name="testGetEnrollData" class="PluginStorkmdmAgentIntegrationTest" file="/home/intra.dethegeek.eu.org/dethegeek/public_html/glpi-storkmdm/plugins/storkmdm/tests/0010_Integration/PluginStorkmdmAgentIntegrationTest.php" line="101" assertions="5" time="0.472761"/>
        <testcase name="testChangeFleet" class="PluginStorkmdmAgentIntegrationTest" file="/home/intra.dethegeek.eu.org/dethegeek/public_html/glpi-storkmdm/plugins/storkmdm/tests/0010_Integration/PluginStorkmdmAgentIntegrationTest.php" line="120" assertions="6" time="0.317607"/>
        <testcase name="testPurgeEnroledAgent" class="PluginStorkmdmAgentIntegrationTest" file="/home/intra.dethegeek.eu.org/dethegeek/public_html/glpi-storkmdm/plugins/storkmdm/tests/0010_Integration/PluginStorkmdmAgentIntegrationTest.php" line="149" assertions="12" time="1.012224"/>
        <testcase name="testPurgeAgent" class="PluginStorkmdmAgentIntegrationTest" file="/home/intra.dethegeek.eu.org/dethegeek/public_html/glpi-storkmdm/plugins/storkmdm/tests/0010_Integration/PluginStorkmdmAgentIntegrationTest.php" line="197" assertions="9" time="0.995967"/>
        <testcase name="testUserIsDeleted" class="PluginStorkmdmAgentIntegrationTest" file="/home/intra.dethegeek.eu.org/dethegeek/public_html/glpi-storkmdm/plugins/storkmdm/tests/0010_Integration/PluginStorkmdmAgentIntegrationTest.php" line="248" assertions="4" time="0.287042"/>
        <testsuite name="PluginStorkmdmAgentIntegrationTest::testFailingAddAgent" tests="2" assertions="8" failures="0" errors="0" time="0.534224">
          <testcase name="testFailingAddAgent with data set #0" assertions="4" time="0.267110"/>
          <testcase name="testFailingAddAgent with data set #1" assertions="4" time="0.267114"/>
        </testsuite>
        <testcase name="testPingRequest" class="PluginStorkmdmAgentIntegrationTest" file="/home/intra.dethegeek.eu.org/dethegeek/public_html/glpi-storkmdm/plugins/storkmdm/tests/0010_Integration/PluginStorkmdmAgentIntegrationTest.php" line="276" assertions="4" time="5.313287"/>
        <testcase name="testGeolocateRequest" class="PluginStorkmdmAgentIntegrationTest" file="/home/intra.dethegeek.eu.org/dethegeek/public_html/glpi-storkmdm/plugins/storkmdm/tests/0010_Integration/PluginStorkmdmAgentIntegrationTest.php" line="296" assertions="4" time="5.288006"/>
        <testcase name="testInventoryRequest" class="PluginStorkmdmAgentIntegrationTest" file="/home/intra.dethegeek.eu.org/dethegeek/public_html/glpi-storkmdm/plugins/storkmdm/tests/0010_Integration/PluginStorkmdmAgentIntegrationTest.php" line="316" assertions="4" time="15.317911"/>
        <testcase name="testLockStatusUnset" class="PluginStorkmdmAgentIntegrationTest" file="/home/intra.dethegeek.eu.org/dethegeek/public_html/glpi-storkmdm/plugins/storkmdm/tests/0010_Integration/PluginStorkmdmAgentIntegrationTest.php" line="337" assertions="4" time="0.279771"/>
        <testcase name="testLockRequest" class="PluginStorkmdmAgentIntegrationTest" file="/home/intra.dethegeek.eu.org/dethegeek/public_html/glpi-storkmdm/plugins/storkmdm/tests/0010_Integration/PluginStorkmdmAgentIntegrationTest.php" line="348" assertions="4" time="0.282637"/>
        <testcase name="testLockStateSaved" class="PluginStorkmdmAgentIntegrationTest" file="/home/intra.dethegeek.eu.org/dethegeek/public_html/glpi-storkmdm/plugins/storkmdm/tests/0010_Integration/PluginStorkmdmAgentIntegrationTest.php" line="369" assertions="4" time="0.270003"/>
        <testcase name="testWipeStatusUnset" class="PluginStorkmdmAgentIntegrationTest" file="/home/intra.dethegeek.eu.org/dethegeek/public_html/glpi-storkmdm/plugins/storkmdm/tests/0010_Integration/PluginStorkmdmAgentIntegrationTest.php" line="382" assertions="4" time="0.267750"/>
        <testcase name="testWipeRequest" class="PluginStorkmdmAgentIntegrationTest" file="/home/intra.dethegeek.eu.org/dethegeek/public_html/glpi-storkmdm/plugins/storkmdm/tests/0010_Integration/PluginStorkmdmAgentIntegrationTest.php" line="392" assertions="4" time="0.282105"/>
        <testcase name="testWipeStateSaved" class="PluginStorkmdmAgentIntegrationTest" file="/home/intra.dethegeek.eu.org/dethegeek/public_html/glpi-storkmdm/plugins/storkmdm/tests/0010_Integration/PluginStorkmdmAgentIntegrationTest.php" line="413" assertions="4" time="0.272552"/>
        <testcase name="testWipeOverridesLockResetLock" class="PluginStorkmdmAgentIntegrationTest" file="/home/intra.dethegeek.eu.org/dethegeek/public_html/glpi-storkmdm/plugins/storkmdm/tests/0010_Integration/PluginStorkmdmAgentIntegrationTest.php" line="425" assertions="4" time="0.274766"/>
        <testcase name="testWipeOverridesLockEnableWipe" class="PluginStorkmdmAgentIntegrationTest" file="/home/intra.dethegeek.eu.org/dethegeek/public_html/glpi-storkmdm/plugins/storkmdm/tests/0010_Integration/PluginStorkmdmAgentIntegrationTest.php" line="437" assertions="4" time="0.275396"/>
        <testcase name="testWipeOverridesLockFinalState" class="PluginStorkmdmAgentIntegrationTest" file="/home/intra.dethegeek.eu.org/dethegeek/public_html/glpi-storkmdm/plugins/storkmdm/tests/0010_Integration/PluginStorkmdmAgentIntegrationTest.php" line="454" assertions="4" time="0.272283"/>
        <testcase name="testRegisteredUserAddsOwnDevice" class="PluginStorkmdmAgentIntegrationTest" file="/home/intra.dethegeek.eu.org/dethegeek/public_html/glpi-storkmdm/plugins/storkmdm/tests/0010_Integration/PluginStorkmdmAgentIntegrationTest.php" line="462" assertions="4" time="0.420136"/>
        <testcase name="testRegisteredUserHasGuestProfile" class="PluginStorkmdmAgentIntegrationTest" file="/home/intra.dethegeek.eu.org/dethegeek/public_html/glpi-storkmdm/plugins/storkmdm/tests/0010_Integration/PluginStorkmdmAgentIntegrationTest.php" line="477" assertions="4" time="0.277226"/>
        <testcase name="testRegisteredUserMayHaveAnOtherDevice" class="PluginStorkmdmAgentIntegrationTest" file="/home/intra.dethegeek.eu.org/dethegeek/public_html/glpi-storkmdm/plugins/storkmdm/tests/0010_Integration/PluginStorkmdmAgentIntegrationTest.php" line="493" assertions="4" time="0.420808"/>
        <testcase name="testRegisteredUserEnrollsFirstDevice" class="PluginStorkmdmAgentIntegrationTest" file="/home/intra.dethegeek.eu.org/dethegeek/public_html/glpi-storkmdm/plugins/storkmdm/tests/0010_Integration/PluginStorkmdmAgentIntegrationTest.php" line="508" assertions="5" time="0.326205"/>
        <testcase name="testRegisteredUserEnrollsSecondDevice" class="PluginStorkmdmAgentIntegrationTest" file="/home/intra.dethegeek.eu.org/dethegeek/public_html/glpi-storkmdm/plugins/storkmdm/tests/0010_Integration/PluginStorkmdmAgentIntegrationTest.php" line="540" assertions="5" time="0.322754"/>
        <testcase name="testRegisteredUserDeletesOneOfHisDevices" class="PluginStorkmdmAgentIntegrationTest" file="/home/intra.dethegeek.eu.org/dethegeek/public_html/glpi-storkmdm/plugins/storkmdm/tests/0010_Integration/PluginStorkmdmAgentIntegrationTest.php" line="572" assertions="4" time="0.307803"/>
        <testcase name="testRegisteredUserStillHaveGuestProfile" class="PluginStorkmdmAgentIntegrationTest" file="/home/intra.dethegeek.eu.org/dethegeek/public_html/glpi-storkmdm/plugins/storkmdm/tests/0010_Integration/PluginStorkmdmAgentIntegrationTest.php" line="579" assertions="4" time="0.278625"/>
        <testcase name="testRegisteredUserDeletesHisLastDevice" class="PluginStorkmdmAgentIntegrationTest" file="/home/intra.dethegeek.eu.org/dethegeek/public_html/glpi-storkmdm/plugins/storkmdm/tests/0010_Integration/PluginStorkmdmAgentIntegrationTest.php" line="595" assertions="4" time="0.304141"/>
        <testcase name="testRegisteredUserNoLongerHasGuestProfile" class="PluginStorkmdmAgentIntegrationTest" file="/home/intra.dethegeek.eu.org/dethegeek/public_html/glpi-storkmdm/plugins/storkmdm/tests/0010_Integration/PluginStorkmdmAgentIntegrationTest.php" line="602" assertions="4" time="0.282525"/>
      </testsuite>
      <testsuite name="PluginStorkmdmFileIntegrationTest" file="/home/intra.dethegeek.eu.org/dethegeek/public_html/glpi-storkmdm/plugins/storkmdm/tests/0010_Integration/PluginStorkmdmFileIntegrationTest.php" tests="9" assertions="36" failures="0" errors="0" time="2.505518">
        <testcase name="testInitAddFleet" class="PluginStorkmdmFileIntegrationTest" file="/home/intra.dethegeek.eu.org/dethegeek/public_html/glpi-storkmdm/plugins/storkmdm/tests/0010_Integration/PluginStorkmdmFileIntegrationTest.php" line="42" assertions="4" time="0.307522"/>
        <testcase name="testInitCreateFile" class="PluginStorkmdmFileIntegrationTest" file="/home/intra.dethegeek.eu.org/dethegeek/public_html/glpi-storkmdm/plugins/storkmdm/tests/0010_Integration/PluginStorkmdmFileIntegrationTest.php" line="53" assertions="4" time="0.276464"/>
        <testcase name="testGetFileDeploymentPolicy" class="PluginStorkmdmFileIntegrationTest" file="/home/intra.dethegeek.eu.org/dethegeek/public_html/glpi-storkmdm/plugins/storkmdm/tests/0010_Integration/PluginStorkmdmFileIntegrationTest.php" line="78" assertions="4" time="0.268765"/>
        <testcase name="testGetFileRemovalPolicy" class="PluginStorkmdmFileIntegrationTest" file="/home/intra.dethegeek.eu.org/dethegeek/public_html/glpi-storkmdm/plugins/storkmdm/tests/0010_Integration/PluginStorkmdmFileIntegrationTest.php" line="85" assertions="4" time="0.275131"/>
        <testcase name="testApplyPolicy" class="PluginStorkmdmFileIntegrationTest" file="/home/intra.dethegeek.eu.org/dethegeek/public_html/glpi-storkmdm/plugins/storkmdm/tests/0010_Integration/PluginStorkmdmFileIntegrationTest.php" line="97" assertions="4" time="0.278046"/>
        <testcase name="testDeleteFile" class="PluginStorkmdmFileIntegrationTest" file="/home/intra.dethegeek.eu.org/dethegeek/public_html/glpi-storkmdm/plugins/storkmdm/tests/0010_Integration/PluginStorkmdmFileIntegrationTest.php" line="107" assertions="4" time="0.288679"/>
        <testcase name="testAppliedPoliciesRemoved" class="PluginStorkmdmFileIntegrationTest" file="/home/intra.dethegeek.eu.org/dethegeek/public_html/glpi-storkmdm/plugins/storkmdm/tests/0010_Integration/PluginStorkmdmFileIntegrationTest.php" line="120" assertions="4" time="0.275454"/>
        <testcase name="testRemovePolicyAdded" class="PluginStorkmdmFileIntegrationTest" file="/home/intra.dethegeek.eu.org/dethegeek/public_html/glpi-storkmdm/plugins/storkmdm/tests/0010_Integration/PluginStorkmdmFileIntegrationTest.php" line="133" assertions="4" time="0.270156"/>
        <testcase name="testAddAndRemoveConflict" class="PluginStorkmdmFileIntegrationTest" file="/home/intra.dethegeek.eu.org/dethegeek/public_html/glpi-storkmdm/plugins/storkmdm/tests/0010_Integration/PluginStorkmdmFileIntegrationTest.php" line="147" assertions="4" time="0.265301"/>
      </testsuite>
      <testsuite name="PluginStorkmdmFleetIntegrationTest" file="/home/intra.dethegeek.eu.org/dethegeek/public_html/glpi-storkmdm/plugins/storkmdm/tests/0010_Integration/PluginStorkmdmFleetIntegrationTest.php" tests="9" assertions="38" failures="0" errors="0" time="2.920605">
        <testcase name="testInitInvitationCreation" class="PluginStorkmdmFleetIntegrationTest" file="/home/intra.dethegeek.eu.org/dethegeek/public_html/glpi-storkmdm/plugins/storkmdm/tests/0010_Integration/PluginStorkmdmFleetIntegrationTest.php" line="37" assertions="4" time="0.458415"/>
        <testcase name="testInitEnrollAgent" class="PluginStorkmdmFleetIntegrationTest" file="/home/intra.dethegeek.eu.org/dethegeek/public_html/glpi-storkmdm/plugins/storkmdm/tests/0010_Integration/PluginStorkmdmFleetIntegrationTest.php" line="54" assertions="5" time="0.508963"/>
        <testcase name="testDeleteDefaultFleet" class="PluginStorkmdmFleetIntegrationTest" file="/home/intra.dethegeek.eu.org/dethegeek/public_html/glpi-storkmdm/plugins/storkmdm/tests/0010_Integration/PluginStorkmdmFleetIntegrationTest.php" line="77" assertions="5" time="0.290299"/>
        <testcase name="testAddFleet" class="PluginStorkmdmFleetIntegrationTest" file="/home/intra.dethegeek.eu.org/dethegeek/public_html/glpi-storkmdm/plugins/storkmdm/tests/0010_Integration/PluginStorkmdmFleetIntegrationTest.php" line="85" assertions="4" time="0.279572"/>
        <testcase name="testAddAgentToFleet" class="PluginStorkmdmFleetIntegrationTest" file="/home/intra.dethegeek.eu.org/dethegeek/public_html/glpi-storkmdm/plugins/storkmdm/tests/0010_Integration/PluginStorkmdmFleetIntegrationTest.php" line="101" assertions="4" time="0.282223"/>
        <testcase name="testApplyPolicyToFleet" class="PluginStorkmdmFleetIntegrationTest" file="/home/intra.dethegeek.eu.org/dethegeek/public_html/glpi-storkmdm/plugins/storkmdm/tests/0010_Integration/PluginStorkmdmFleetIntegrationTest.php" line="115" assertions="4" time="0.274308"/>
        <testcase name="testPurgeFleet" class="PluginStorkmdmFleetIntegrationTest" file="/home/intra.dethegeek.eu.org/dethegeek/public_html/glpi-storkmdm/plugins/storkmdm/tests/0010_Integration/PluginStorkmdmFleetIntegrationTest.php" line="132" assertions="4" time="0.290063"/>
        <testcase name="testAgentUnlinkedAfterPurge" class="PluginStorkmdmFleetIntegrationTest" file="/home/intra.dethegeek.eu.org/dethegeek/public_html/glpi-storkmdm/plugins/storkmdm/tests/0010_Integration/PluginStorkmdmFleetIntegrationTest.php" line="144" assertions="4" time="0.271511"/>
        <testcase name="testPolicyUnlinkedAfterPurge" class="PluginStorkmdmFleetIntegrationTest" file="/home/intra.dethegeek.eu.org/dethegeek/public_html/glpi-storkmdm/plugins/storkmdm/tests/0010_Integration/PluginStorkmdmFleetIntegrationTest.php" line="158" assertions="4" time="0.265251"/>
      </testsuite>
      <testsuite name="PluginStorkmdmFleet_PolicyIntegrationTest" file="/home/intra.dethegeek.eu.org/dethegeek/public_html/glpi-storkmdm/plugins/storkmdm/tests/0010_Integration/PluginStorkmdmFleet_policyIntegrationTest.php" tests="7" assertions="31" failures="0" errors="0" time="2.376157">
        <testcase name="testInitAddFleet" class="PluginStorkmdmFleet_PolicyIntegrationTest" file="/home/intra.dethegeek.eu.org/dethegeek/public_html/glpi-storkmdm/plugins/storkmdm/tests/0010_Integration/PluginStorkmdmFleet_policyIntegrationTest.php" line="34" assertions="4" time="0.308671"/>
        <testcase name="testGetGuestEmail" class="PluginStorkmdmFleet_PolicyIntegrationTest" file="/home/intra.dethegeek.eu.org/dethegeek/public_html/glpi-storkmdm/plugins/storkmdm/tests/0010_Integration/PluginStorkmdmFleet_policyIntegrationTest.php" line="45" assertions="3" time="0.278310"/>
        <testcase name="testInitInvitationCreation" class="PluginStorkmdmFleet_PolicyIntegrationTest" file="/home/intra.dethegeek.eu.org/dethegeek/public_html/glpi-storkmdm/plugins/storkmdm/tests/0010_Integration/PluginStorkmdmFleet_policyIntegrationTest.php" line="53" assertions="4" time="0.439790"/>
        <testcase name="testInitEnrollAgent" class="PluginStorkmdmFleet_PolicyIntegrationTest" file="/home/intra.dethegeek.eu.org/dethegeek/public_html/glpi-storkmdm/plugins/storkmdm/tests/0010_Integration/PluginStorkmdmFleet_policyIntegrationTest.php" line="68" assertions="5" time="0.507401"/>
        <testcase name="testApplyPolicy" class="PluginStorkmdmFleet_PolicyIntegrationTest" file="/home/intra.dethegeek.eu.org/dethegeek/public_html/glpi-storkmdm/plugins/storkmdm/tests/0010_Integration/PluginStorkmdmFleet_policyIntegrationTest.php" line="94" assertions="6" time="0.291269"/>
        <testcase name="testApplyUniquePolicyTwice" class="PluginStorkmdmFleet_PolicyIntegrationTest" file="/home/intra.dethegeek.eu.org/dethegeek/public_html/glpi-storkmdm/plugins/storkmdm/tests/0010_Integration/PluginStorkmdmFleet_policyIntegrationTest.php" line="126" assertions="5" time="0.277960"/>
        <testcase name="testChangePolicyProperty" class="PluginStorkmdmFleet_PolicyIntegrationTest" file="/home/intra.dethegeek.eu.org/dethegeek/public_html/glpi-storkmdm/plugins/storkmdm/tests/0010_Integration/PluginStorkmdmFleet_policyIntegrationTest.php" line="143" assertions="4" time="0.272756"/>
      </testsuite>
      <testsuite name="PluginStorkmdmInvitationIntegrationTest" file="/home/intra.dethegeek.eu.org/dethegeek/public_html/glpi-storkmdm/plugins/storkmdm/tests/0010_Integration/PluginStorkmdmInvitationIntegrationTest.php" tests="5" assertions="20" failures="0" errors="0" time="1.680295">
        <testcase name="testCreateInvitation" class="PluginStorkmdmInvitationIntegrationTest" file="/home/intra.dethegeek.eu.org/dethegeek/public_html/glpi-storkmdm/plugins/storkmdm/tests/0010_Integration/PluginStorkmdmInvitationIntegrationTest.php" line="43" assertions="4" time="0.460238"/>
        <testcase name="testUserCreated" class="PluginStorkmdmInvitationIntegrationTest" file="/home/intra.dethegeek.eu.org/dethegeek/public_html/glpi-storkmdm/plugins/storkmdm/tests/0010_Integration/PluginStorkmdmInvitationIntegrationTest.php" line="56" assertions="4" time="0.277945"/>
        <testcase name="testUserHasEmail" class="PluginStorkmdmInvitationIntegrationTest" file="/home/intra.dethegeek.eu.org/dethegeek/public_html/glpi-storkmdm/plugins/storkmdm/tests/0010_Integration/PluginStorkmdmInvitationIntegrationTest.php" line="66" assertions="4" time="0.267551"/>
        <testcase name="testCreateInvitationForTheSameUser" class="PluginStorkmdmInvitationIntegrationTest" file="/home/intra.dethegeek.eu.org/dethegeek/public_html/glpi-storkmdm/plugins/storkmdm/tests/0010_Integration/PluginStorkmdmInvitationIntegrationTest.php" line="76" assertions="4" time="0.406665"/>
        <testcase name="testSecondInvitationHasSameUserThanFirstOne" class="PluginStorkmdmInvitationIntegrationTest" file="/home/intra.dethegeek.eu.org/dethegeek/public_html/glpi-storkmdm/plugins/storkmdm/tests/0010_Integration/PluginStorkmdmInvitationIntegrationTest.php" line="89" assertions="4" time="0.267895"/>
      </testsuite>
      <testsuite name="PluginStorkmdmMqttuserIntegrationTest" file="/home/intra.dethegeek.eu.org/dethegeek/public_html/glpi-storkmdm/plugins/storkmdm/tests/0010_Integration/PluginStorkmdmMqttuserIntegrationTest.php" tests="4" assertions="18" failures="0" errors="0" time="1.171549">
        <testsuite name="PluginStorkmdmMqttuserIntegrationTest::testAddMqttuser" tests="2" assertions="8" failures="0" errors="0" time="0.595427">
          <testcase name="testAddMqttuser with data set #0" assertions="4" time="0.316411"/>
          <testcase name="testAddMqttuser with data set #1" assertions="4" time="0.279016"/>
        </testsuite>
        <testsuite name="PluginStorkmdmMqttuserIntegrationTest::testPurgeqttuser" tests="2" assertions="10" failures="0" errors="0" time="0.576122">
          <testcase name="testPurgeqttuser with data set #0" assertions="5" time="0.279007"/>
          <testcase name="testPurgeqttuser with data set #1" assertions="5" time="0.297115"/>
        </testsuite>
      </testsuite>
      <testsuite name="PluginStorkmdmPackageIntegrationTest" file="/home/intra.dethegeek.eu.org/dethegeek/public_html/glpi-storkmdm/plugins/storkmdm/tests/0010_Integration/PluginStorkmdmPackageIntegrationTest.php" tests="9" assertions="36" failures="0" errors="0" time="2.483139">
        <testcase name="testInitAddFleet" class="PluginStorkmdmPackageIntegrationTest" file="/home/intra.dethegeek.eu.org/dethegeek/public_html/glpi-storkmdm/plugins/storkmdm/tests/0010_Integration/PluginStorkmdmPackageIntegrationTest.php" line="42" assertions="4" time="0.308037"/>
        <testcase name="testCreateApplication" class="PluginStorkmdmPackageIntegrationTest" file="/home/intra.dethegeek.eu.org/dethegeek/public_html/glpi-storkmdm/plugins/storkmdm/tests/0010_Integration/PluginStorkmdmPackageIntegrationTest.php" line="53" assertions="4" time="0.276301"/>
        <testcase name="testGetAppDeploymentPolicy" class="PluginStorkmdmPackageIntegrationTest" file="/home/intra.dethegeek.eu.org/dethegeek/public_html/glpi-storkmdm/plugins/storkmdm/tests/0010_Integration/PluginStorkmdmPackageIntegrationTest.php" line="90" assertions="4" time="0.273186"/>
        <testcase name="testGetAppRemovalPolicy" class="PluginStorkmdmPackageIntegrationTest" file="/home/intra.dethegeek.eu.org/dethegeek/public_html/glpi-storkmdm/plugins/storkmdm/tests/0010_Integration/PluginStorkmdmPackageIntegrationTest.php" line="97" assertions="4" time="0.273385"/>
        <testcase name="testApplyPolicy" class="PluginStorkmdmPackageIntegrationTest" file="/home/intra.dethegeek.eu.org/dethegeek/public_html/glpi-storkmdm/plugins/storkmdm/tests/0010_Integration/PluginStorkmdmPackageIntegrationTest.php" line="109" assertions="4" time="0.269274"/>
        <testcase name="testDeleteApplication" class="PluginStorkmdmPackageIntegrationTest" file="/home/intra.dethegeek.eu.org/dethegeek/public_html/glpi-storkmdm/plugins/storkmdm/tests/0010_Integration/PluginStorkmdmPackageIntegrationTest.php" line="119" assertions="4" time="0.269509"/>
        <testcase name="testAppliedPoliciesRemoved" class="PluginStorkmdmPackageIntegrationTest" file="/home/intra.dethegeek.eu.org/dethegeek/public_html/glpi-storkmdm/plugins/storkmdm/tests/0010_Integration/PluginStorkmdmPackageIntegrationTest.php" line="131" assertions="4" time="0.271784"/>
        <testcase name="testRemovePolicyAdded" class="PluginStorkmdmPackageIntegrationTest" file="/home/intra.dethegeek.eu.org/dethegeek/public_html/glpi-storkmdm/plugins/storkmdm/tests/0010_Integration/PluginStorkmdmPackageIntegrationTest.php" line="146" assertions="4" time="0.275797"/>
        <testcase name="testAddAndRemoveConflict" class="PluginStorkmdmPackageIntegrationTest" file="/home/intra.dethegeek.eu.org/dethegeek/public_html/glpi-storkmdm/plugins/storkmdm/tests/0010_Integration/PluginStorkmdmPackageIntegrationTest.php" line="159" assertions="4" time="0.265866"/>
      </testsuite>
      <testsuite name="PluginStorkmdmPolicyBooleanIntegrationTest" file="/home/intra.dethegeek.eu.org/dethegeek/public_html/glpi-storkmdm/plugins/storkmdm/tests/0010_Integration/PluginStorkmdmPolicyBooleanIntegrationTest.php" tests="2" assertions="8" failures="0" errors="0" time="0.572383">
        <testcase name="testInitAddPolicy" class="PluginStorkmdmPolicyBooleanIntegrationTest" file="/home/intra.dethegeek.eu.org/dethegeek/public_html/glpi-storkmdm/plugins/storkmdm/tests/0010_Integration/PluginStorkmdmPolicyBooleanIntegrationTest.php" line="34" assertions="4" time="0.296090"/>
        <testcase name="testGetBooleanPolicy" class="PluginStorkmdmPolicyBooleanIntegrationTest" file="/home/intra.dethegeek.eu.org/dethegeek/public_html/glpi-storkmdm/plugins/storkmdm/tests/0010_Integration/PluginStorkmdmPolicyBooleanIntegrationTest.php" line="49" assertions="4" time="0.276293"/>
      </testsuite>
      <testsuite name="PluginStorkmdmPolicyDeployapplicationIntegrationTest" file="/home/intra.dethegeek.eu.org/dethegeek/public_html/glpi-storkmdm/plugins/storkmdm/tests/0010_Integration/PluginStorkmdmPolicyDeployApplicationIntegrationTest.php" tests="9" assertions="37" failures="0" errors="0" time="2.499725">
        <testcase name="testInitCreateFleet" class="PluginStorkmdmPolicyDeployapplicationIntegrationTest" file="/home/intra.dethegeek.eu.org/dethegeek/public_html/glpi-storkmdm/plugins/storkmdm/tests/0010_Integration/PluginStorkmdmPolicyDeployApplicationIntegrationTest.php" line="34" assertions="4" time="0.309326"/>
        <testcase name="testInitCreateApplication" class="PluginStorkmdmPolicyDeployapplicationIntegrationTest" file="/home/intra.dethegeek.eu.org/dethegeek/public_html/glpi-storkmdm/plugins/storkmdm/tests/0010_Integration/PluginStorkmdmPolicyDeployApplicationIntegrationTest.php" line="46" assertions="4" time="0.277668"/>
        <testcase name="testGetAppDeploymentPolicy" class="PluginStorkmdmPolicyDeployapplicationIntegrationTest" file="/home/intra.dethegeek.eu.org/dethegeek/public_html/glpi-storkmdm/plugins/storkmdm/tests/0010_Integration/PluginStorkmdmPolicyDeployApplicationIntegrationTest.php" line="87" assertions="4" time="0.273495"/>
        <testcase name="testApplyPolicyWithoutValue" class="PluginStorkmdmPolicyDeployapplicationIntegrationTest" file="/home/intra.dethegeek.eu.org/dethegeek/public_html/glpi-storkmdm/plugins/storkmdm/tests/0010_Integration/PluginStorkmdmPolicyDeployApplicationIntegrationTest.php" line="99" assertions="4" time="0.264736"/>
        <testcase name="testApplyPolicyWithoutItemtype" class="PluginStorkmdmPolicyDeployapplicationIntegrationTest" file="/home/intra.dethegeek.eu.org/dethegeek/public_html/glpi-storkmdm/plugins/storkmdm/tests/0010_Integration/PluginStorkmdmPolicyDeployApplicationIntegrationTest.php" line="118" assertions="4" time="0.274057"/>
        <testcase name="testApplyPolicyWithoutItemId" class="PluginStorkmdmPolicyDeployapplicationIntegrationTest" file="/home/intra.dethegeek.eu.org/dethegeek/public_html/glpi-storkmdm/plugins/storkmdm/tests/0010_Integration/PluginStorkmdmPolicyDeployApplicationIntegrationTest.php" line="137" assertions="4" time="0.281612"/>
        <testcase name="testApplyPolicy" class="PluginStorkmdmPolicyDeployapplicationIntegrationTest" file="/home/intra.dethegeek.eu.org/dethegeek/public_html/glpi-storkmdm/plugins/storkmdm/tests/0010_Integration/PluginStorkmdmPolicyDeployApplicationIntegrationTest.php" line="156" assertions="5" time="0.273514"/>
        <testcase name="testApplyAgainPolicy" class="PluginStorkmdmPolicyDeployapplicationIntegrationTest" file="/home/intra.dethegeek.eu.org/dethegeek/public_html/glpi-storkmdm/plugins/storkmdm/tests/0010_Integration/PluginStorkmdmPolicyDeployApplicationIntegrationTest.php" line="192" assertions="4" time="0.268297"/>
        <testcase name="testUnapplyPolicy" class="PluginStorkmdmPolicyDeployapplicationIntegrationTest" file="/home/intra.dethegeek.eu.org/dethegeek/public_html/glpi-storkmdm/plugins/storkmdm/tests/0010_Integration/PluginStorkmdmPolicyDeployApplicationIntegrationTest.php" line="214" assertions="4" time="0.277019"/>
      </testsuite>
      <testsuite name="PluginStorkmdmPolicyDeployfileIntegrationTest" file="/home/intra.dethegeek.eu.org/dethegeek/public_html/glpi-storkmdm/plugins/storkmdm/tests/0010_Integration/PluginStorkmdmPolicyDeployFileIntegrationTest.php" tests="12" assertions="49" failures="0" errors="0" time="3.281724">
        <testcase name="testInitCreateFleet" class="PluginStorkmdmPolicyDeployfileIntegrationTest" file="/home/intra.dethegeek.eu.org/dethegeek/public_html/glpi-storkmdm/plugins/storkmdm/tests/0010_Integration/PluginStorkmdmPolicyDeployFileIntegrationTest.php" line="34" assertions="4" time="0.301679"/>
        <testcase name="testInitGetDestination" class="PluginStorkmdmPolicyDeployfileIntegrationTest" file="/home/intra.dethegeek.eu.org/dethegeek/public_html/glpi-storkmdm/plugins/storkmdm/tests/0010_Integration/PluginStorkmdmPolicyDeployFileIntegrationTest.php" line="46" assertions="3" time="0.278068"/>
        <testcase name="testInitCreateFile" class="PluginStorkmdmPolicyDeployfileIntegrationTest" file="/home/intra.dethegeek.eu.org/dethegeek/public_html/glpi-storkmdm/plugins/storkmdm/tests/0010_Integration/PluginStorkmdmPolicyDeployFileIntegrationTest.php" line="50" assertions="4" time="0.270797"/>
        <testcase name="testGetFileDeploymentPolicy" class="PluginStorkmdmPolicyDeployfileIntegrationTest" file="/home/intra.dethegeek.eu.org/dethegeek/public_html/glpi-storkmdm/plugins/storkmdm/tests/0010_Integration/PluginStorkmdmPolicyDeployFileIntegrationTest.php" line="77" assertions="4" time="0.272696"/>
        <testcase name="testApplyPolicyWithoutValue" class="PluginStorkmdmPolicyDeployfileIntegrationTest" file="/home/intra.dethegeek.eu.org/dethegeek/public_html/glpi-storkmdm/plugins/storkmdm/tests/0010_Integration/PluginStorkmdmPolicyDeployFileIntegrationTest.php" line="89" assertions="4" time="0.271001"/>
        <testcase name="testApplyPolicyWithoutDestination" class="PluginStorkmdmPolicyDeployfileIntegrationTest" file="/home/intra.dethegeek.eu.org/dethegeek/public_html/glpi-storkmdm/plugins/storkmdm/tests/0010_Integration/PluginStorkmdmPolicyDeployFileIntegrationTest.php" line="106" assertions="4" time="0.268436"/>
        <testcase name="testApplyPolicyWithoutRemoveFlag" class="PluginStorkmdmPolicyDeployfileIntegrationTest" file="/home/intra.dethegeek.eu.org/dethegeek/public_html/glpi-storkmdm/plugins/storkmdm/tests/0010_Integration/PluginStorkmdmPolicyDeployFileIntegrationTest.php" line="128" assertions="4" time="0.269968"/>
        <testcase name="testApplyPolicyWithoutItemtype" class="PluginStorkmdmPolicyDeployfileIntegrationTest" file="/home/intra.dethegeek.eu.org/dethegeek/public_html/glpi-storkmdm/plugins/storkmdm/tests/0010_Integration/PluginStorkmdmPolicyDeployFileIntegrationTest.php" line="152" assertions="4" time="0.268714"/>
        <testcase name="testApplyPolicyWithoutItemId" class="PluginStorkmdmPolicyDeployfileIntegrationTest" file="/home/intra.dethegeek.eu.org/dethegeek/public_html/glpi-storkmdm/plugins/storkmdm/tests/0010_Integration/PluginStorkmdmPolicyDeployFileIntegrationTest.php" line="173" assertions="4" time="0.269761"/>
        <testcase name="testApplyPolicy" class="PluginStorkmdmPolicyDeployfileIntegrationTest" file="/home/intra.dethegeek.eu.org/dethegeek/public_html/glpi-storkmdm/plugins/storkmdm/tests/0010_Integration/PluginStorkmdmPolicyDeployFileIntegrationTest.php" line="195" assertions="5" time="0.266337"/>
        <testcase name="testApplyAgainPolicy" class="PluginStorkmdmPolicyDeployfileIntegrationTest" file="/home/intra.dethegeek.eu.org/dethegeek/public_html/glpi-storkmdm/plugins/storkmdm/tests/0010_Integration/PluginStorkmdmPolicyDeployFileIntegrationTest.php" line="233" assertions="4" time="0.271883"/>
        <testcase name="testUnapplyPolicy" class="PluginStorkmdmPolicyDeployfileIntegrationTest" file="/home/intra.dethegeek.eu.org/dethegeek/public_html/glpi-storkmdm/plugins/storkmdm/tests/0010_Integration/PluginStorkmdmPolicyDeployFileIntegrationTest.php" line="256" assertions="5" time="0.272384"/>
      </testsuite>
      <testsuite name="PluginStorkmdmPolicyIntegerIntegrationTest" file="/home/intra.dethegeek.eu.org/dethegeek/public_html/glpi-storkmdm/plugins/storkmdm/tests/0010_Integration/PluginStorkmdmPolicyIntegerIntegrationTest.php" tests="2" assertions="8" failures="0" errors="0" time="0.673731">
        <testcase name="testInitAddPolicy" class="PluginStorkmdmPolicyIntegerIntegrationTest" file="/home/intra.dethegeek.eu.org/dethegeek/public_html/glpi-storkmdm/plugins/storkmdm/tests/0010_Integration/PluginStorkmdmPolicyIntegerIntegrationTest.php" line="34" assertions="4" time="0.280862"/>
        <testcase name="testGetIntegerPolicy" class="PluginStorkmdmPolicyIntegerIntegrationTest" file="/home/intra.dethegeek.eu.org/dethegeek/public_html/glpi-storkmdm/plugins/storkmdm/tests/0010_Integration/PluginStorkmdmPolicyIntegerIntegrationTest.php" line="49" assertions="4" time="0.392869"/>
      </testsuite>
      <testsuite name="PluginStorkmdmPolicyRemoveApplicationIntegrationTest" file="/home/intra.dethegeek.eu.org/dethegeek/public_html/glpi-storkmdm/plugins/storkmdm/tests/0010_Integration/PluginStorkmdmPolicyRemoveApplicationIntegrationTest.php" tests="8" assertions="33" failures="0" errors="0" time="2.197393">
        <testcase name="testInitGetPackageName" class="PluginStorkmdmPolicyRemoveApplicationIntegrationTest" file="/home/intra.dethegeek.eu.org/dethegeek/public_html/glpi-storkmdm/plugins/storkmdm/tests/0010_Integration/PluginStorkmdmPolicyRemoveApplicationIntegrationTest.php" line="35" assertions="3" time="0.293368"/>
        <testcase name="testInitCreateApplication" class="PluginStorkmdmPolicyRemoveApplicationIntegrationTest" file="/home/intra.dethegeek.eu.org/dethegeek/public_html/glpi-storkmdm/plugins/storkmdm/tests/0010_Integration/PluginStorkmdmPolicyRemoveApplicationIntegrationTest.php" line="44" assertions="4" time="0.271592"/>
        <testcase name="testInitCreateFleet" class="PluginStorkmdmPolicyRemoveApplicationIntegrationTest" file="/home/intra.dethegeek.eu.org/dethegeek/public_html/glpi-storkmdm/plugins/storkmdm/tests/0010_Integration/PluginStorkmdmPolicyRemoveApplicationIntegrationTest.php" line="78" assertions="4" time="0.278634"/>
        <testcase name="testGetPolicyData" class="PluginStorkmdmPolicyRemoveApplicationIntegrationTest" file="/home/intra.dethegeek.eu.org/dethegeek/public_html/glpi-storkmdm/plugins/storkmdm/tests/0010_Integration/PluginStorkmdmPolicyRemoveApplicationIntegrationTest.php" line="91" assertions="4" time="0.275602"/>
        <testcase name="testGetRemoveApplicationPolicy" class="PluginStorkmdmPolicyRemoveApplicationIntegrationTest" file="/home/intra.dethegeek.eu.org/dethegeek/public_html/glpi-storkmdm/plugins/storkmdm/tests/0010_Integration/PluginStorkmdmPolicyRemoveApplicationIntegrationTest.php" line="101" assertions="4" time="0.270773"/>
        <testcase name="testApplyPolicyWithEmptyValue" class="PluginStorkmdmPolicyRemoveApplicationIntegrationTest" file="/home/intra.dethegeek.eu.org/dethegeek/public_html/glpi-storkmdm/plugins/storkmdm/tests/0010_Integration/PluginStorkmdmPolicyRemoveApplicationIntegrationTest.php" line="114" assertions="4" time="0.265292"/>
        <testcase name="testApplyPolicyWithoutValue" class="PluginStorkmdmPolicyRemoveApplicationIntegrationTest" file="/home/intra.dethegeek.eu.org/dethegeek/public_html/glpi-storkmdm/plugins/storkmdm/tests/0010_Integration/PluginStorkmdmPolicyRemoveApplicationIntegrationTest.php" line="129" assertions="4" time="0.268534"/>
        <testcase name="testApplyPolicy" class="PluginStorkmdmPolicyRemoveApplicationIntegrationTest" file="/home/intra.dethegeek.eu.org/dethegeek/public_html/glpi-storkmdm/plugins/storkmdm/tests/0010_Integration/PluginStorkmdmPolicyRemoveApplicationIntegrationTest.php" line="144" assertions="6" time="0.273598"/>
      </testsuite>
      <testsuite name="PluginStorkmdmPolicyRemoveFileIntegrationTest" file="/home/intra.dethegeek.eu.org/dethegeek/public_html/glpi-storkmdm/plugins/storkmdm/tests/0010_Integration/PluginStorkmdmPolicyRemoveFileIntegrationTest.php" tests="8" assertions="33" failures="0" errors="0" time="2.185297">
        <testcase name="testInitCreateFile" class="PluginStorkmdmPolicyRemoveFileIntegrationTest" file="/home/intra.dethegeek.eu.org/dethegeek/public_html/glpi-storkmdm/plugins/storkmdm/tests/0010_Integration/PluginStorkmdmPolicyRemoveFileIntegrationTest.php" line="35" assertions="4" time="0.272980"/>
        <testcase name="testInitGetDestination" class="PluginStorkmdmPolicyRemoveFileIntegrationTest" file="/home/intra.dethegeek.eu.org/dethegeek/public_html/glpi-storkmdm/plugins/storkmdm/tests/0010_Integration/PluginStorkmdmPolicyRemoveFileIntegrationTest.php" line="60" assertions="3" time="0.271674"/>
        <testcase name="testInitCreateFleet" class="PluginStorkmdmPolicyRemoveFileIntegrationTest" file="/home/intra.dethegeek.eu.org/dethegeek/public_html/glpi-storkmdm/plugins/storkmdm/tests/0010_Integration/PluginStorkmdmPolicyRemoveFileIntegrationTest.php" line="64" assertions="4" time="0.288381"/>
        <testcase name="testGetPolicyData" class="PluginStorkmdmPolicyRemoveFileIntegrationTest" file="/home/intra.dethegeek.eu.org/dethegeek/public_html/glpi-storkmdm/plugins/storkmdm/tests/0010_Integration/PluginStorkmdmPolicyRemoveFileIntegrationTest.php" line="77" assertions="4" time="0.273509"/>
        <testcase name="testGetRemoveFilePolicy" class="PluginStorkmdmPolicyRemoveFileIntegrationTest" file="/home/intra.dethegeek.eu.org/dethegeek/public_html/glpi-storkmdm/plugins/storkmdm/tests/0010_Integration/PluginStorkmdmPolicyRemoveFileIntegrationTest.php" line="87" assertions="4" time="0.267940"/>
        <testcase name="testApplyPolicyIncomplete" class="PluginStorkmdmPolicyRemoveFileIntegrationTest" file="/home/intra.dethegeek.eu.org/dethegeek/public_html/glpi-storkmdm/plugins/storkmdm/tests/0010_Integration/PluginStorkmdmPolicyRemoveFileIntegrationTest.php" line="101" assertions="4" time="0.270753"/>
        <testcase name="testApplyPolicyWithBadValue" class="PluginStorkmdmPolicyRemoveFileIntegrationTest" file="/home/intra.dethegeek.eu.org/dethegeek/public_html/glpi-storkmdm/plugins/storkmdm/tests/0010_Integration/PluginStorkmdmPolicyRemoveFileIntegrationTest.php" line="116" assertions="4" time="0.267876"/>
        <testcase name="testApplyPolicy" class="PluginStorkmdmPolicyRemoveFileIntegrationTest" file="/home/intra.dethegeek.eu.org/dethegeek/public_html/glpi-storkmdm/plugins/storkmdm/tests/0010_Integration/PluginStorkmdmPolicyRemoveFileIntegrationTest.php" line="132" assertions="6" time="0.272184"/>
      </testsuite>
      <testsuite name="PluginStorkmdmUserIntegrationTest" file="/home/intra.dethegeek.eu.org/dethegeek/public_html/glpi-storkmdm/plugins/storkmdm/tests/0010_Integration/PluginStorkmdmUserIntegrationTest.php" tests="9" assertions="18" failures="0" errors="0" time="2.093496">
        <testcase name="testSelfRegistration" class="PluginStorkmdmUserIntegrationTest" file="/home/intra.dethegeek.eu.org/dethegeek/public_html/glpi-storkmdm/plugins/storkmdm/tests/0010_Integration/PluginStorkmdmUserIntegrationTest.php" line="35" assertions="2" time="0.328908"/>
        <testcase name="testSelfRegigstrationEntityExists" class="PluginStorkmdmUserIntegrationTest" file="/home/intra.dethegeek.eu.org/dethegeek/public_html/glpi-storkmdm/plugins/storkmdm/tests/0010_Integration/PluginStorkmdmUserIntegrationTest.php" line="54" assertions="2" time="0.226977"/>
        <testcase name="testSelfRegistrationEntityconfigExists" class="PluginStorkmdmUserIntegrationTest" file="/home/intra.dethegeek.eu.org/dethegeek/public_html/glpi-storkmdm/plugins/storkmdm/tests/0010_Integration/PluginStorkmdmUserIntegrationTest.php" line="65" assertions="2" time="0.219890"/>
        <testcase name="testEntityconfigIsValid" class="PluginStorkmdmUserIntegrationTest" file="/home/intra.dethegeek.eu.org/dethegeek/public_html/glpi-storkmdm/plugins/storkmdm/tests/0010_Integration/PluginStorkmdmUserIntegrationTest.php" line="74" assertions="2" time="0.218327"/>
        <testcase name="testSelfRegistrationwithRejectedPassword" class="PluginStorkmdmUserIntegrationTest" file="/home/intra.dethegeek.eu.org/dethegeek/public_html/glpi-storkmdm/plugins/storkmdm/tests/0010_Integration/PluginStorkmdmUserIntegrationTest.php" line="78" assertions="2" time="0.220321"/>
        <testcase name="testRegisteredUserHasProfile" class="PluginStorkmdmUserIntegrationTest" file="/home/intra.dethegeek.eu.org/dethegeek/public_html/glpi-storkmdm/plugins/storkmdm/tests/0010_Integration/PluginStorkmdmUserIntegrationTest.php" line="98" assertions="2" time="0.226803"/>
        <testcase name="testRegistrationWithInvalidEmail" class="PluginStorkmdmUserIntegrationTest" file="/home/intra.dethegeek.eu.org/dethegeek/public_html/glpi-storkmdm/plugins/storkmdm/tests/0010_Integration/PluginStorkmdmUserIntegrationTest.php" line="109" assertions="2" time="0.213586"/>
        <testcase name="testCreateUser" class="PluginStorkmdmUserIntegrationTest" file="/home/intra.dethegeek.eu.org/dethegeek/public_html/glpi-storkmdm/plugins/storkmdm/tests/0010_Integration/PluginStorkmdmUserIntegrationTest.php" line="122" assertions="2" time="0.222614"/>
        <testcase name="testCreateEntity" class="PluginStorkmdmUserIntegrationTest" file="/home/intra.dethegeek.eu.org/dethegeek/public_html/glpi-storkmdm/plugins/storkmdm/tests/0010_Integration/PluginStorkmdmUserIntegrationTest.php" line="136" assertions="2" time="0.216070"/>
      </testsuite>
      <testsuite name="RegisteredUserProfileIntegrationTest" file="/home/intra.dethegeek.eu.org/dethegeek/public_html/glpi-storkmdm/plugins/storkmdm/tests/0010_Integration/RegisteredUserProfileIntegrationTest.php" tests="20" assertions="80" failures="1" errors="0" time="5.447929">
        <testcase name="testGetRights" class="RegisteredUserProfileIntegrationTest" file="/home/intra.dethegeek.eu.org/dethegeek/public_html/glpi-storkmdm/plugins/storkmdm/tests/0010_Integration/RegisteredUserProfileIntegrationTest.php" line="42" assertions="4" time="0.327340"/>
        <testcase name="testRegisteredUserProfileAgentRight" class="RegisteredUserProfileIntegrationTest" file="/home/intra.dethegeek.eu.org/dethegeek/public_html/glpi-storkmdm/plugins/storkmdm/tests/0010_Integration/RegisteredUserProfileIntegrationTest.php" line="76" assertions="4" time="0.266481"/>
        <testcase name="testRegisteredUserProfileFleetRight" class="RegisteredUserProfileIntegrationTest" file="/home/intra.dethegeek.eu.org/dethegeek/public_html/glpi-storkmdm/plugins/storkmdm/tests/0010_Integration/RegisteredUserProfileIntegrationTest.php" line="84" assertions="4" time="0.262524"/>
        <testcase name="testRegisteredUserProfilePackageRight" class="RegisteredUserProfileIntegrationTest" file="/home/intra.dethegeek.eu.org/dethegeek/public_html/glpi-storkmdm/plugins/storkmdm/tests/0010_Integration/RegisteredUserProfileIntegrationTest.php" line="92" assertions="4" time="0.263734"/>
        <testcase name="testRegisteredUserProfileFileRight" class="RegisteredUserProfileIntegrationTest" file="/home/intra.dethegeek.eu.org/dethegeek/public_html/glpi-storkmdm/plugins/storkmdm/tests/0010_Integration/RegisteredUserProfileIntegrationTest.php" line="100" assertions="4" time="0.264436"/>
        <testcase name="testRegisteredUserProfileGeolocationRight" class="RegisteredUserProfileIntegrationTest" file="/home/intra.dethegeek.eu.org/dethegeek/public_html/glpi-storkmdm/plugins/storkmdm/tests/0010_Integration/RegisteredUserProfileIntegrationTest.php" line="108" assertions="4" time="0.267102"/>
        <testcase name="testRegisteredUserProfileWellknownpathRight" class="RegisteredUserProfileIntegrationTest" file="/home/intra.dethegeek.eu.org/dethegeek/public_html/glpi-storkmdm/plugins/storkmdm/tests/0010_Integration/RegisteredUserProfileIntegrationTest.php" line="116" assertions="4" time="0.268050"/>
        <testcase name="testRegisteredUsernProfilePolicyRight" class="RegisteredUserProfileIntegrationTest" file="/home/intra.dethegeek.eu.org/dethegeek/public_html/glpi-storkmdm/plugins/storkmdm/tests/0010_Integration/RegisteredUserProfileIntegrationTest.php" line="123" assertions="4" time="0.267786"/>
        <testcase name="testRegisteredUserProfilePolicyCategoryRight" class="RegisteredUserProfileIntegrationTest" file="/home/intra.dethegeek.eu.org/dethegeek/public_html/glpi-storkmdm/plugins/storkmdm/tests/0010_Integration/RegisteredUserProfileIntegrationTest.php" line="131" assertions="4" time="0.263343"/>
        <testcase name="testRegisteredUserProfilePluginProfileRight" class="RegisteredUserProfileIntegrationTest" file="/home/intra.dethegeek.eu.org/dethegeek/public_html/glpi-storkmdm/plugins/storkmdm/tests/0010_Integration/RegisteredUserProfileIntegrationTest.php" line="139" assertions="4" time="0.265384"/>
        <testcase name="testRegisteredUserProfileUserRight" class="RegisteredUserProfileIntegrationTest" file="/home/intra.dethegeek.eu.org/dethegeek/public_html/glpi-storkmdm/plugins/storkmdm/tests/0010_Integration/RegisteredUserProfileIntegrationTest.php" line="147" assertions="4" time="0.266130"/>
        <testcase name="testRegisteredUserProfileProfileRight" class="RegisteredUserProfileIntegrationTest" file="/home/intra.dethegeek.eu.org/dethegeek/public_html/glpi-storkmdm/plugins/storkmdm/tests/0010_Integration/RegisteredUserProfileIntegrationTest.php" line="155" assertions="4" time="0.275078"/>
        <testcase name="testRegisteredUserProfileComputerRight" class="RegisteredUserProfileIntegrationTest" file="/home/intra.dethegeek.eu.org/dethegeek/public_html/glpi-storkmdm/plugins/storkmdm/tests/0010_Integration/RegisteredUserProfileIntegrationTest.php" line="163" assertions="4" time="0.281907"/>
        <testcase name="testRegisteredUserProfileSoftwareRight" class="RegisteredUserProfileIntegrationTest" file="/home/intra.dethegeek.eu.org/dethegeek/public_html/glpi-storkmdm/plugins/storkmdm/tests/0010_Integration/RegisteredUserProfileIntegrationTest.php" line="171" assertions="4" time="0.273978"/>
        <testcase name="testRegisteredUserProfileEntityconfigRight" class="RegisteredUserProfileIntegrationTest" file="/home/intra.dethegeek.eu.org/dethegeek/public_html/glpi-storkmdm/plugins/storkmdm/tests/0010_Integration/RegisteredUserProfileIntegrationTest.php" line="179" assertions="4" time="0.273701"/>
        <testcase name="testRegisteredUserProfileDropdownRight" class="RegisteredUserProfileIntegrationTest" file="/home/intra.dethegeek.eu.org/dethegeek/public_html/glpi-storkmdm/plugins/storkmdm/tests/0010_Integration/RegisteredUserProfileIntegrationTest.php" line="191" assertions="4" time="0.265533"/>
        <testcase name="testRegisteredUserProfileInvitatioinLogRight" class="RegisteredUserProfileIntegrationTest" file="/home/intra.dethegeek.eu.org/dethegeek/public_html/glpi-storkmdm/plugins/storkmdm/tests/0010_Integration/RegisteredUserProfileIntegrationTest.php" line="199" assertions="4" time="0.272222"/>
        <testcase name="testRegisteredUserProfileEntityRight" class="RegisteredUserProfileIntegrationTest" file="/home/intra.dethegeek.eu.org/dethegeek/public_html/glpi-storkmdm/plugins/storkmdm/tests/0010_Integration/RegisteredUserProfileIntegrationTest.php" line="207" assertions="4" time="0.278613"/>
        <testcase name="testRegisteredUserProfileNetworkPortRight" class="RegisteredUserProfileIntegrationTest" file="/home/intra.dethegeek.eu.org/dethegeek/public_html/glpi-storkmdm/plugins/storkmdm/tests/0010_Integration/RegisteredUserProfileIntegrationTest.php" line="215" assertions="4" time="0.271726"/>
        <testcase name="testRegisteredUserProfileConfigRight" class="RegisteredUserProfileIntegrationTest" file="/home/intra.dethegeek.eu.org/dethegeek/public_html/glpi-storkmdm/plugins/storkmdm/tests/0010_Integration/RegisteredUserProfileIntegrationTest.php" line="223" assertions="4" time="0.272861">
          <failure type="PHPUnit_Framework_ExpectationFailedException">RegisteredUserProfileIntegrationTest::testRegisteredUserProfileConfigRight
Failed asserting that '0' matches expected 1.

/home/intra.dethegeek.eu.org/dethegeek/public_html/glpi-storkmdm/plugins/storkmdm/tests/0010_Integration/RegisteredUserProfileIntegrationTest.php:224
</failure>
        </testcase>
      </testsuite>
      <testsuite name="RetainedMQTTMessagesCleanupOnReEnrollTest" file="/home/intra.dethegeek.eu.org/dethegeek/public_html/glpi-storkmdm/plugins/storkmdm/tests/0010_Integration/RetainedMQTTMessagesCleanupOnReEnrollTest.php" tests="6" assertions="25" failures="0" errors="0" time="2.499753">
        <testcase name="testInvitationCreation" class="RetainedMQTTMessagesCleanupOnReEnrollTest" file="/home/intra.dethegeek.eu.org/dethegeek/public_html/glpi-storkmdm/plugins/storkmdm/tests/0010_Integration/RetainedMQTTMessagesCleanupOnReEnrollTest.php" line="37" assertions="4" time="0.451407"/>
        <testcase name="testEnrollAgent" class="RetainedMQTTMessagesCleanupOnReEnrollTest" file="/home/intra.dethegeek.eu.org/dethegeek/public_html/glpi-storkmdm/plugins/storkmdm/tests/0010_Integration/RetainedMQTTMessagesCleanupOnReEnrollTest.php" line="54" assertions="5" time="0.523488"/>
        <testcase name="testWipeRequest" class="RetainedMQTTMessagesCleanupOnReEnrollTest" file="/home/intra.dethegeek.eu.org/dethegeek/public_html/glpi-storkmdm/plugins/storkmdm/tests/0010_Integration/RetainedMQTTMessagesCleanupOnReEnrollTest.php" line="80" assertions="4" time="0.311033"/>
        <testcase name="testSecondInvitationCreation" class="RetainedMQTTMessagesCleanupOnReEnrollTest" file="/home/intra.dethegeek.eu.org/dethegeek/public_html/glpi-storkmdm/plugins/storkmdm/tests/0010_Integration/RetainedMQTTMessagesCleanupOnReEnrollTest.php" line="102" assertions="4" time="0.407604"/>
        <testcase name="testremoveComputer" class="RetainedMQTTMessagesCleanupOnReEnrollTest" file="/home/intra.dethegeek.eu.org/dethegeek/public_html/glpi-storkmdm/plugins/storkmdm/tests/0010_Integration/RetainedMQTTMessagesCleanupOnReEnrollTest.php" line="119" assertions="4" time="0.309917"/>
        <testcase name="testSecondEnrollAgent" class="RetainedMQTTMessagesCleanupOnReEnrollTest" file="/home/intra.dethegeek.eu.org/dethegeek/public_html/glpi-storkmdm/plugins/storkmdm/tests/0010_Integration/RetainedMQTTMessagesCleanupOnReEnrollTest.php" line="130" assertions="4" time="0.496304"/>
      </testsuite>
      <testsuite name="SuperAdminProfileIntegrationTest" file="/home/intra.dethegeek.eu.org/dethegeek/public_html/glpi-storkmdm/plugins/storkmdm/tests/0010_Integration/SuperAdminProfileIntegrationTest.php" tests="12" assertions="48" failures="0" errors="0" time="6.597428">
        <testcase name="testGetRights" class="SuperAdminProfileIntegrationTest" file="/home/intra.dethegeek.eu.org/dethegeek/public_html/glpi-storkmdm/plugins/storkmdm/tests/0010_Integration/SuperAdminProfileIntegrationTest.php" line="43" assertions="4" time="0.583743"/>
        <testcase name="testSuperAdminProfileAgentRight" class="SuperAdminProfileIntegrationTest" file="/home/intra.dethegeek.eu.org/dethegeek/public_html/glpi-storkmdm/plugins/storkmdm/tests/0010_Integration/SuperAdminProfileIntegrationTest.php" line="72" assertions="4" time="0.541903"/>
        <testcase name="testSuperAdminProfileFleetRight" class="SuperAdminProfileIntegrationTest" file="/home/intra.dethegeek.eu.org/dethegeek/public_html/glpi-storkmdm/plugins/storkmdm/tests/0010_Integration/SuperAdminProfileIntegrationTest.php" line="80" assertions="4" time="0.557728"/>
        <testcase name="testSuperAdminProfilePackageRight" class="SuperAdminProfileIntegrationTest" file="/home/intra.dethegeek.eu.org/dethegeek/public_html/glpi-storkmdm/plugins/storkmdm/tests/0010_Integration/SuperAdminProfileIntegrationTest.php" line="88" assertions="4" time="0.545561"/>
        <testcase name="testSuperAdminProfileFileRight" class="SuperAdminProfileIntegrationTest" file="/home/intra.dethegeek.eu.org/dethegeek/public_html/glpi-storkmdm/plugins/storkmdm/tests/0010_Integration/SuperAdminProfileIntegrationTest.php" line="96" assertions="4" time="0.548626"/>
        <testcase name="testSuperAdminProfileGeolocationRight" class="SuperAdminProfileIntegrationTest" file="/home/intra.dethegeek.eu.org/dethegeek/public_html/glpi-storkmdm/plugins/storkmdm/tests/0010_Integration/SuperAdminProfileIntegrationTest.php" line="104" assertions="4" time="0.547457"/>
        <testcase name="testSuperAdminProfileWellknownpathRight" class="SuperAdminProfileIntegrationTest" file="/home/intra.dethegeek.eu.org/dethegeek/public_html/glpi-storkmdm/plugins/storkmdm/tests/0010_Integration/SuperAdminProfileIntegrationTest.php" line="112" assertions="4" time="0.536596"/>
        <testcase name="testSuperAdminProfilePolicyRight" class="SuperAdminProfileIntegrationTest" file="/home/intra.dethegeek.eu.org/dethegeek/public_html/glpi-storkmdm/plugins/storkmdm/tests/0010_Integration/SuperAdminProfileIntegrationTest.php" line="120" assertions="4" time="0.542706"/>
        <testcase name="testSuperAdminProfilePolicyCategoryRight" class="SuperAdminProfileIntegrationTest" file="/home/intra.dethegeek.eu.org/dethegeek/public_html/glpi-storkmdm/plugins/storkmdm/tests/0010_Integration/SuperAdminProfileIntegrationTest.php" line="128" assertions="4" time="0.543793"/>
        <testcase name="testSuperAdminProfilePluginProfileRight" class="SuperAdminProfileIntegrationTest" file="/home/intra.dethegeek.eu.org/dethegeek/public_html/glpi-storkmdm/plugins/storkmdm/tests/0010_Integration/SuperAdminProfileIntegrationTest.php" line="136" assertions="4" time="0.545888"/>
        <testcase name="testSuperAdminProfilePluginProfileEntityconfigRight" class="SuperAdminProfileIntegrationTest" file="/home/intra.dethegeek.eu.org/dethegeek/public_html/glpi-storkmdm/plugins/storkmdm/tests/0010_Integration/SuperAdminProfileIntegrationTest.php" line="144" assertions="4" time="0.552586"/>
        <testcase name="testSuperAdminProfilePluginProfileInvitationLogRight" class="SuperAdminProfileIntegrationTest" file="/home/intra.dethegeek.eu.org/dethegeek/public_html/glpi-storkmdm/plugins/storkmdm/tests/0010_Integration/SuperAdminProfileIntegrationTest.php" line="157" assertions="4" time="0.550841"/>
      </testsuite>
    </testsuite>
    <testsuite name="API" tests="9" assertions="43" failures="0" errors="0" time="1.552091">
      <testsuite name="InviteUserTest" file="/home/intra.dethegeek.eu.org/dethegeek/public_html/glpi-storkmdm/plugins/storkmdm/tests/0015_API/InviteUserTest.php" tests="3" assertions="19" failures="0" errors="0" time="0.706112">
        <testsuite name="InviteUserTest::testFailingInvitation" tests="1" assertions="3" failures="0" errors="0" time="0.045774">
          <testcase name="testFailingInvitation with data set &quot;invalid_email&quot;" assertions="3" time="0.045774"/>
        </testsuite>
        <testsuite name="InviteUserTest::testSuccessfulInvitation" tests="2" assertions="16" failures="0" errors="0" time="0.660338">
          <testcase name="testSuccessfulInvitation with data set &quot;guest_user&quot;" assertions="8" time="0.341300"/>
          <testcase name="testSuccessfulInvitation with data set &quot;registered_user_himself&quot;" assertions="8" time="0.319038"/>
        </testsuite>
      </testsuite>
      <testsuite name="SelfCreateAccountTest" file="/home/intra.dethegeek.eu.org/dethegeek/public_html/glpi-storkmdm/plugins/storkmdm/tests/0015_API/SelfCreateAccountTest.php" tests="6" assertions="24" failures="0" errors="0" time="0.845978">
        <testcase name="testInitializeSessionCredentials" class="SelfCreateAccountTest" file="/home/intra.dethegeek.eu.org/dethegeek/public_html/glpi-storkmdm/plugins/storkmdm/tests/0015_API/SelfCreateAccountTest.php" line="77" assertions="6" time="0.255433"/>
        <testsuite name="SelfCreateAccountTest::testCreateAccount" tests="3" assertions="11" failures="0" errors="0" time="0.245568">
          <testcase name="testCreateAccount with data set &quot;bad retyped password&quot;" assertions="3" time="0.037994"/>
          <testcase name="testCreateAccount with data set &quot;bad email&quot;" assertions="3" time="0.038747"/>
          <testcase name="testCreateAccount with data set &quot;OK&quot;" assertions="5" time="0.168827"/>
        </testsuite>
        <testcase name="testCannotCreateUser" class="SelfCreateAccountTest" file="/home/intra.dethegeek.eu.org/dethegeek/public_html/glpi-storkmdm/plugins/storkmdm/tests/0015_API/SelfCreateAccountTest.php" line="133" assertions="3" time="0.036721"/>
        <testcase name="testLogin" class="SelfCreateAccountTest" file="/home/intra.dethegeek.eu.org/dethegeek/public_html/glpi-storkmdm/plugins/storkmdm/tests/0015_API/SelfCreateAccountTest.php" line="154" assertions="4" time="0.308256"/>
      </testsuite>
    </testsuite>
  </testsuite>
</testsuites>
